IQ-TREE multicore version 2.2.6 COVID-edition for Mac OS X 64-bit built Dec  8 2023
Developed by Bui Quang Minh, James Barbetti, Nguyen Lam Tung,
Olga Chernomor, Heiko Schmidt, Dominik Schrempf, Michael Woodhams, Ly Trong Nhan.

Host:    MacBook-Air-Ila.local (SSE4.2, 8 GB RAM)
Command: iqtree2 -s felidae_atp8.trim.fas -o EF437591.1_Felis_catus -alrt 1000 -abayes
Seed:    572319 (Using SPRNG - Scalable Parallel Random Number Generator)
Time:    Thu Mar  7 21:04:45 2024
Kernel:  SSE2 - 1 threads (8 CPU cores detected)

HINT: Use -nt option to specify number of threads because your CPU has 8 cores!
HINT: -nt AUTO will automatically determine the best number of threads to use.

Reading alignment file felidae_atp8.trim.fas ... Fasta format detected
Reading fasta file: done in 0.000691891 secs using 12.43% CPU
Alignment most likely contains DNA/RNA sequences
Constructing alignment: done in 0.00014782 secs using 75.09% CPU
Alignment has 13 sequences with 103 columns, 39 distinct patterns
28 parsimony-informative, 12 singleton sites, 62 constant sites
                              Gap/Ambiguity  Composition  p-value
Analyzing sequences: done in 0.000319004 secs using 3.135% CPU
   1  EF437567.1_Neofelis_nebulosa    0.00%    passed     76.49%
   2  EF437568.1_Neofelis_nebulosa    0.00%    passed     76.49%
   3  EF437569.1_Neofelis_nebulosa    0.00%    passed     76.49%
   4  EF437570.1_Neofelis_nebulosa    0.00%    passed     76.49%
   5  EF437571.1_Neofelis_nebulosa    0.00%    passed     79.49%
   6  EF437572.1_Neofelis_diardi      0.00%    passed     94.91%
   7  EF437573.1_Neofelis_diardi      0.00%    passed     94.91%
   8  EF437581.1_Panthera_onca        0.00%    passed     93.40%
   9  EF437583.1_Uncia_uncia          1.94%    passed     97.24%
  10  EF437585.1_Panthera_leo         2.91%    passed     99.82%
  11  EF437587.1_Panthera_tigris      0.00%    passed     97.13%
  12  EF437589.1_Panthera_pardus      0.00%    passed     58.24%
  13  EF437591.1_Felis_catus          0.00%    passed     15.97%
****  TOTAL                           0.37%  0 sequences failed composition chi2 test (p-value<5%; df=3)
NOTE: EF437568.1_Neofelis_nebulosa is identical to EF437567.1_Neofelis_nebulosa but kept for subsequent analysis
NOTE: EF437573.1_Neofelis_diardi is identical to EF437572.1_Neofelis_diardi but kept for subsequent analysis
Checking for duplicate sequences: done in 0.000231028 secs using 59.3% CPU
Identifying sites to remove: done in 0.000144005 secs using 90.97% CPU
NOTE: 2 identical sequences (see below) will be ignored for subsequent analysis
NOTE: EF437569.1_Neofelis_nebulosa (identical to EF437567.1_Neofelis_nebulosa) is ignored but added at the end
NOTE: EF437570.1_Neofelis_nebulosa (identical to EF437567.1_Neofelis_nebulosa) is ignored but added at the end
Alignment was printed to felidae_atp8.trim.fas.uniqueseq.phy

For your convenience alignment with unique sequences printed to felidae_atp8.trim.fas.uniqueseq.phy


Create initial parsimony tree by phylogenetic likelihood library (PLL)... 0.002 seconds
Perform fast likelihood tree search using GTR+I+G model...
Estimate model parameters (epsilon = 5.000)

WARNING: Estimated model parameters are at boundary that can cause numerical instability!

Perform nearest neighbor interchange...
Optimizing NNI: done in 0.00320101 secs using 80.85% CPU
Estimate model parameters (epsilon = 1.000)
1. Initial log-likelihood: -343.078
2. Current log-likelihood: -337.665
3. Current log-likelihood: -335.266
Optimal log-likelihood: -334.993
Rate parameters:  A-C: 0.00010  A-G: 100.00000  A-T: 2.14993  C-G: 0.00010  C-T: 45.70160  G-T: 1.00000
Warning! Some parameters hit the boundaries
Base frequencies:  A: 0.380  C: 0.238  G: 0.068  T: 0.314
Proportion of invariable sites: 0.276
Gamma shape alpha: 28.381
Parameters optimization took 3 rounds (0.009 sec)

WARNING: Estimated model parameters are at boundary that can cause numerical instability!

Time for fast ML tree search: 0.020 seconds

NOTE: ModelFinder requires 0 MB RAM!
ModelFinder will test up to 484 DNA models (sample size: 103) ...
 No. Model         -LnL         df  AIC          AICc         BIC
  1  GTR+F         335.860      27  725.721      745.881      796.858
  2  GTR+F+I       334.953      28  725.907      747.853      799.679
  3  GTR+F+G4      334.689      28  725.377      747.323      799.150
  4  GTR+F+I+G4    334.935      29  727.870      751.705      804.277
  5  GTR+F+R2      334.691      29  727.382      751.217      803.789
  6  GTR+F+R3      334.676      31  731.352      759.295      813.028
 14  GTR+F+I+R2    334.902      30  729.804      755.638      808.846
 15  GTR+F+I+R3    334.847      32  733.694      763.865      818.005
 23  SYM           354.381      24  756.763      772.147      819.996
 24  SYM+I         353.301      25  756.602      773.485      822.470
 25  SYM+G4        353.621      25  757.243      774.126      823.111
 26  SYM+I+G4      353.306      26  758.612      777.086      827.115
 27  SYM+R2        353.533      26  759.066      777.540      827.569
 45  TVM+F         339.609      26  731.217      749.691      799.720
 46  TVM+F+I       337.190      27  728.379      748.539      799.517
 47  TVM+F+G4      337.831      27  729.662      749.822      800.800
 48  TVM+F+I+G4    337.407      28  730.813      752.759      804.586
 49  TVM+F+R2      337.762      28  731.523      753.469      805.296
 67  TVMe          354.744      23  755.488      769.463      816.087
 68  TVMe+I        353.799      24  755.599      770.983      818.832
 69  TVMe+G4       353.915      24  755.830      771.215      819.064
 70  TVMe+I+G4     353.802      25  757.605      774.488      823.473
 71  TVMe+R2       353.916      25  757.832      774.715      823.700
 89  TIM3+F        336.050      25  722.099      738.982      787.967
 90  TIM3+F+I      335.137      26  722.274      740.747      790.777
 91  TIM3+F+G4     334.850      26  721.700      740.174      790.203
 92  TIM3+F+I+G4   335.091      27  724.181      744.341      795.319
 93  TIM3+F+R2     334.842      27  723.684      743.844      794.822
111  TIM3e         355.555      22  755.110      767.760      813.074
112  TIM3e+I       354.494      23  754.988      768.963      815.587
113  TIM3e+G4      354.747      23  755.494      769.468      816.092
114  TIM3e+I+G4    354.405      24  756.810      772.195      820.044
115  TIM3e+R2      354.763      24  757.526      772.911      820.760
133  TIM2+F        337.606      25  725.212      742.095      791.080
134  TIM2+F+I      336.573      26  725.146      743.620      793.649
135  TIM2+F+G4     336.298      26  724.596      743.069      793.099
136  TIM2+F+I+G4   336.526      27  727.052      747.212      798.190
137  TIM2+F+R2     336.297      27  726.593      746.753      797.731
155  TIM2e         356.357      22  756.713      769.363      814.677
156  TIM2e+I       355.167      23  756.334      770.308      816.932
157  TIM2e+G4      355.547      23  757.093      771.068      817.692
158  TIM2e+I+G4    355.180      24  758.360      773.744      821.593
159  TIM2e+R2      355.452      24  758.904      774.289      822.138
177  TIM+F         337.113      25  724.225      741.108      790.093
178  TIM+F+I       336.219      26  724.439      742.912      792.942
179  TIM+F+G4      336.100      26  724.200      742.674      792.703
180  TIM+F+I+G4    336.221      27  726.441      746.601      797.579
181  TIM+F+R2      336.067      27  726.134      746.294      797.271
199  TIMe          355.748      22  755.495      768.145      813.459
200  TIMe+I        354.673      23  755.346      769.321      815.945
201  TIMe+G4       355.028      23  756.056      770.030      816.654
202  TIMe+I+G4     354.677      24  757.354      772.738      820.587
203  TIMe+R2       354.932      24  757.863      773.248      821.097
221  TPM3u+F       339.957      24  727.915      743.299      791.148
222  TPM3u+F+I     337.389      25  724.777      741.661      790.646
223  TPM3u+F+G4    338.057      25  726.114      742.997      791.982
224  TPM3u+F+I+G4  337.651      26  727.302      745.776      795.805
225  TPM3u+F+R2    338.018      26  728.037      746.510      796.540
243  TPM3          355.662      21  753.325      764.732      808.654
244  TPM3+I        354.698      22  753.397      766.047      811.361
245  TPM3+G4       354.919      22  753.838      766.488      811.802
246  TPM3+I+G4     354.703      23  755.405      769.380      816.004
247  TPM3+R2       354.828      23  755.657      769.631      816.256
265  TPM2u+F       341.236      24  730.473      745.857      793.706
266  TPM2u+F+I     338.503      25  727.007      743.890      792.875
267  TPM2u+F+G4    339.247      25  728.493      745.377      794.362
268  TPM2u+F+I+G4  338.799      26  729.599      748.072      798.102
269  TPM2u+F+R2    339.213      26  730.427      748.901      798.930
287  TPM2          356.643      21  755.286      766.694      810.616
288  TPM2+I        355.590      22  755.180      767.830      813.144
289  TPM2+G4       355.837      22  755.674      768.324      813.638
290  TPM2+I+G4     355.600      23  757.201      771.176      817.800
291  TPM2+R2       355.738      23  757.477      771.452      818.076
309  K3Pu+F        340.406      24  728.811      744.196      792.045
310  K3Pu+F+I      337.993      25  725.986      742.869      791.854
311  K3Pu+F+G4     338.665      25  727.329      744.212      793.197
312  K3Pu+F+I+G4   338.199      26  728.397      746.871      796.900
313  K3Pu+F+R2     338.592      26  729.183      747.657      797.686
331  K3P           356.010      21  754.021      765.428      809.350
332  K3P+I         355.065      22  754.129      766.779      812.093
333  K3P+G4        355.301      22  754.602      767.252      812.566
334  K3P+I+G4      355.068      23  756.136      770.111      816.735
335  K3P+R2        355.206      23  756.411      770.386      817.010
353  TN+F          337.706      24  723.412      738.797      786.645
354  TN+F+I        336.597      25  723.195      740.078      789.063
355  TN+F+G4       336.298      25  722.596      739.479      788.464
356  TN+F+I+G4     336.528      26  725.057      743.531      793.560
357  TN+F+R2       336.296      26  724.593      743.066      793.095
375  TNe           357.104      21  756.209      767.616      811.538
376  TNe+I         355.856      22  755.711      768.361      813.675
377  TNe+G4        356.277      22  756.555      769.205      814.519
378  TNe+I+G4      355.876      23  757.753      771.728      818.352
379  TNe+R2        356.172      23  758.345      772.319      818.943
397  HKY+F         341.463      23  728.925      742.900      789.524
398  HKY+F+I       338.654      24  725.307      740.692      788.541
399  HKY+F+G4      339.409      24  726.818      742.203      790.052
400  HKY+F+I+G4    338.978      25  727.956      744.840      793.825
401  HKY+F+R2      339.390      25  728.780      745.663      794.648
419  K2P           358.098      20  756.196      766.439      808.890
420  K2P+I         356.350      21  754.701      766.108      810.030
421  K2P+G4        356.618      21  755.236      766.644      810.566
422  K2P+I+G4      356.364      22  756.729      769.379      814.693
423  K2P+R2        356.511      22  757.021      769.671      814.986
441  F81+F         394.313      22  832.626      845.276      890.590
442  F81+F+I       394.027      23  834.053      848.028      894.652
443  F81+F+G4      394.150      23  834.300      848.275      894.899
444  F81+F+I+G4    394.149      24  836.297      851.682      899.531
445  F81+F+R2      394.188      24  836.376      851.761      899.610
463  JC            401.683      19  841.365      850.522      891.425
464  JC+I          401.338      20  842.676      852.920      895.371
465  JC+G4         401.448      20  842.896      853.140      895.591
466  JC+I+G4       401.427      21  844.855      856.262      900.184
467  JC+R2         401.466      21  844.931      856.339      900.260
Akaike Information Criterion:           TIM3+F+G4
Corrected Akaike Information Criterion: TN+F
Bayesian Information Criterion:         TN+F
Best-fit model: TN+F chosen according to BIC

All model information printed to felidae_atp8.trim.fas.model.gz
CPU time for ModelFinder: 0.619 seconds (0h:0m:0s)
Wall-clock time for ModelFinder: 0.642 seconds (0h:0m:0s)

NOTE: 0 MB RAM (0 GB) is required!
Estimate model parameters (epsilon = 0.100)
1. Initial log-likelihood: -337.706
Optimal log-likelihood: -337.706
Rate parameters:  A-C: 1.00000  A-G: 113.81358  A-T: 1.00000  C-G: 1.00000  C-T: 42.78017  G-T: 1.00000
Warning! Some parameters hit the boundaries
Base frequencies:  A: 0.380  C: 0.238  G: 0.068  T: 0.314
Parameters optimization took 1 rounds (0.001 sec)

WARNING: Estimated model parameters are at boundary that can cause numerical instability!

Wrote distance file to... 
Computing ML distances based on estimated model parameters...
Calculating distance matrix: done in 0.00107312 secs using 32.62% CPU
Computing ML distances took 0.001176 sec (of wall-clock time) 0.000435 sec (of CPU time)
Setting up auxiliary I and S matrices: done in 5.60284e-05 secs using 171.3% CPU
Constructing RapidNJ tree: done in 6.50883e-05 secs using 184.4% CPU
Computing RapidNJ tree took 0.000537 sec (of wall-clock time) 0.000452 sec (of CPU time)
Log-likelihood of RapidNJ tree: -338.610
--------------------------------------------------------------------
|             INITIALIZING CANDIDATE TREE SET                      |
--------------------------------------------------------------------
Generating 98 parsimony trees... 0.066 second
Computing log-likelihood of 97 initial trees ... 0.043 seconds
Current best score: -336.704

Do NNI search on 20 best initial trees
Optimizing NNI: done in 0.000882864 secs using 183.7% CPU
Estimate model parameters (epsilon = 0.100)

WARNING: Estimated model parameters are at boundary that can cause numerical instability!

BETTER TREE FOUND at iteration 1: -336.592
Optimizing NNI: done in 0.00149488 secs using 177.4% CPU
Optimizing NNI: done in 0.00144005 secs using 197.1% CPU
Optimizing NNI: done in 0.00133586 secs using 197.3% CPU
Optimizing NNI: done in 0.00172186 secs using 186.6% CPU
Optimizing NNI: done in 0.0017252 secs using 172.1% CPU
Optimizing NNI: done in 0.00136518 secs using 160.9% CPU
Optimizing NNI: done in 0.00187898 secs using 124.4% CPU
Optimizing NNI: done in 0.00174689 secs using 168.7% CPU
Optimizing NNI: done in 0.00199389 secs using 197% CPU
Iteration 10 / LogL: -336.740 / Time: 0h:0m:0s
Optimizing NNI: done in 0.00350499 secs using 190.6% CPU
UPDATE BEST LOG-LIKELIHOOD: -336.591
Optimizing NNI: done in 0.00381804 secs using 170.8% CPU
UPDATE BEST LOG-LIKELIHOOD: -336.591
Optimizing NNI: done in 0.00185704 secs using 148.7% CPU
Optimizing NNI: done in 0.00299692 secs using 159.1% CPU
Optimizing NNI: done in 0.00296712 secs using 157.2% CPU
Optimizing NNI: done in 0.00183487 secs using 190.9% CPU
Optimizing NNI: done in 0.00180507 secs using 195.3% CPU
Optimizing NNI: done in 0.00277305 secs using 183.4% CPU
Optimizing NNI: done in 0.00185108 secs using 179.1% CPU
Optimizing NNI: done in 0.002738 secs using 183.3% CPU
Iteration 20 / LogL: -336.652 / Time: 0h:0m:0s
Finish initializing candidate tree set (1)
Current best tree score: -336.591 / CPU time: 0.160
Number of iterations: 20
--------------------------------------------------------------------
|               OPTIMIZING CANDIDATE TREE SET                      |
--------------------------------------------------------------------
Optimizing NNI: done in 0.00366807 secs using 182.3% CPU
Optimizing NNI: done in 0.00247908 secs using 193.4% CPU
Optimizing NNI: done in 0.00418401 secs using 152.7% CPU
Optimizing NNI: done in 0.00201201 secs using 125.8% CPU
Optimizing NNI: done in 0.00305295 secs using 185% CPU
Optimizing NNI: done in 0.00305295 secs using 192.1% CPU
Optimizing NNI: done in 0.00326395 secs using 190.9% CPU
Optimizing NNI: done in 0.00177002 secs using 164.6% CPU
UPDATE BEST LOG-LIKELIHOOD: -336.585
Optimizing NNI: done in 0.00162292 secs using 197.4% CPU
Optimizing NNI: done in 0.004282 secs using 196.3% CPU
Iteration 30 / LogL: -336.702 / Time: 0h:0m:0s (0h:0m:0s left)
Optimizing NNI: done in 0.00174189 secs using 179.5% CPU
UPDATE BEST LOG-LIKELIHOOD: -336.585
Optimizing NNI: done in 0.00382805 secs using 115% CPU
Optimizing NNI: done in 0.00307989 secs using 99.68% CPU
Optimizing NNI: done in 0.00276709 secs using 99.74% CPU
Optimizing NNI: done in 0.00476885 secs using 99.21% CPU
Optimizing NNI: done in 0.0036962 secs using 99.91% CPU
Optimizing NNI: done in 0.0054431 secs using 99.85% CPU
Optimizing NNI: done in 0.00270104 secs using 99.89% CPU
Optimizing NNI: done in 0.00261402 secs using 99.81% CPU
Optimizing NNI: done in 0.00318098 secs using 99.94% CPU
Iteration 40 / LogL: -336.797 / Time: 0h:0m:0s (0h:0m:0s left)
Optimizing NNI: done in 0.00301099 secs using 99.9% CPU
Optimizing NNI: done in 0.00454116 secs using 99.56% CPU
Optimizing NNI: done in 0.00385404 secs using 99.9% CPU
Optimizing NNI: done in 0.00238895 secs using 99.54% CPU
Optimizing NNI: done in 0.00360513 secs using 99.89% CPU
Optimizing NNI: done in 0.00570512 secs using 99.72% CPU
Optimizing NNI: done in 0.00252604 secs using 99.84% CPU
Optimizing NNI: done in 0.0047369 secs using 99.9% CPU
Optimizing NNI: done in 0.00150919 secs using 99.32% CPU
UPDATE BEST LOG-LIKELIHOOD: -336.585
Optimizing NNI: done in 0.00357604 secs using 99.91% CPU
Iteration 50 / LogL: -336.769 / Time: 0h:0m:0s (0h:0m:0s left)
Optimizing NNI: done in 0.00430584 secs using 99.93% CPU
Optimizing NNI: done in 0.00316191 secs using 99.91% CPU
Optimizing NNI: done in 0.00366592 secs using 99.89% CPU
Optimizing NNI: done in 0.00418591 secs using 99.86% CPU
Optimizing NNI: done in 0.00247288 secs using 99.88% CPU
Optimizing NNI: done in 0.00445294 secs using 99.91% CPU
Optimizing NNI: done in 0.00290608 secs using 99.89% CPU
Optimizing NNI: done in 0.00529194 secs using 99.91% CPU
Optimizing NNI: done in 0.005198 secs using 99.87% CPU
Optimizing NNI: done in 0.000955105 secs using 95.91% CPU
Iteration 60 / LogL: -337.714 / Time: 0h:0m:0s (0h:0m:0s left)
Optimizing NNI: done in 0.00606704 secs using 99.83% CPU
Optimizing NNI: done in 0.00478506 secs using 99.83% CPU
Optimizing NNI: done in 0.00747609 secs using 99.88% CPU
Optimizing NNI: done in 0.00439501 secs using 99.89% CPU
Optimizing NNI: done in 0.00247383 secs using 99.89% CPU
Optimizing NNI: done in 0.00206208 secs using 99.75% CPU
Optimizing NNI: done in 0.00462389 secs using 99.87% CPU
Optimizing NNI: done in 0.00260806 secs using 99.88% CPU
Optimizing NNI: done in 0.00310993 secs using 99.42% CPU
Optimizing NNI: done in 0.00230479 secs using 99.92% CPU
Iteration 70 / LogL: -336.646 / Time: 0h:0m:0s (0h:0m:0s left)
Optimizing NNI: done in 0.00283599 secs using 99.05% CPU
Optimizing NNI: done in 0.00324392 secs using 99.79% CPU
Optimizing NNI: done in 0.00512314 secs using 97.52% CPU
Optimizing NNI: done in 0.00594783 secs using 99.92% CPU
Optimizing NNI: done in 0.00362802 secs using 99.89% CPU
Optimizing NNI: done in 0.00367403 secs using 99.92% CPU
Optimizing NNI: done in 0.00164199 secs using 99.76% CPU
Optimizing NNI: done in 0.00577998 secs using 99.91% CPU
Optimizing NNI: done in 0.00377297 secs using 99.84% CPU
Optimizing NNI: done in 0.00295496 secs using 99.87% CPU
Iteration 80 / LogL: -336.587 / Time: 0h:0m:0s (0h:0m:0s left)
Optimizing NNI: done in 0.0031271 secs using 99.93% CPU
Optimizing NNI: done in 0.00311494 secs using 99.87% CPU
Optimizing NNI: done in 0.00210404 secs using 99.95% CPU
Optimizing NNI: done in 0.00321293 secs using 99.88% CPU
Optimizing NNI: done in 0.00421596 secs using 99.55% CPU
Optimizing NNI: done in 0.00454807 secs using 99.8% CPU
Optimizing NNI: done in 0.00575805 secs using 99.93% CPU
Optimizing NNI: done in 0.00551891 secs using 99.87% CPU
Optimizing NNI: done in 0.00479293 secs using 99.83% CPU
Optimizing NNI: done in 0.00205016 secs using 99.85% CPU
Iteration 90 / LogL: -336.595 / Time: 0h:0m:0s (0h:0m:0s left)
Optimizing NNI: done in 0.00386095 secs using 99.95% CPU
Optimizing NNI: done in 0.00289202 secs using 99.86% CPU
Optimizing NNI: done in 0.00326014 secs using 98.8% CPU
Optimizing NNI: done in 0.00338984 secs using 99.89% CPU
Optimizing NNI: done in 0.00405788 secs using 99.85% CPU
Optimizing NNI: done in 0.00612092 secs using 99.67% CPU
Optimizing NNI: done in 0.00377202 secs using 99.89% CPU
Optimizing NNI: done in 0.00478292 secs using 99.63% CPU
Optimizing NNI: done in 0.00300002 secs using 99.9% CPU
Optimizing NNI: done in 0.00325799 secs using 99.91% CPU
Iteration 100 / LogL: -337.713 / Time: 0h:0m:0s (0h:0m:0s left)
Optimizing NNI: done in 0.00392222 secs using 98.74% CPU
Optimizing NNI: done in 0.00510716 secs using 99.92% CPU
TREE SEARCH COMPLETED AFTER 102 ITERATIONS / Time: 0h:0m:0s

--------------------------------------------------------------------
|                    FINALIZING TREE SEARCH                        |
--------------------------------------------------------------------
Performs final model parameters optimization
Estimate model parameters (epsilon = 0.010)
1. Initial log-likelihood: -336.585
Optimal log-likelihood: -336.585
Rate parameters:  A-C: 1.00000  A-G: 113.81358  A-T: 1.00000  C-G: 1.00000  C-T: 42.78017  G-T: 1.00000
Warning! Some parameters hit the boundaries
Base frequencies:  A: 0.380  C: 0.238  G: 0.068  T: 0.314
Parameters optimization took 1 rounds (0.001 sec)

WARNING: Estimated model parameters are at boundary that can cause numerical instability!

BEST SCORE FOUND : -336.585

Testing tree branches by SH-like aLRT with 1000 replicates...
Testing tree branches by aBayes parametric test...
0.021 sec.
Total tree length: 0.634

Total number of iterations: 102
CPU time used for tree search: 0.639 sec (0h:0m:0s)
Wall-clock time used for tree search: 0.498 sec (0h:0m:0s)
Total CPU time used: 0.678 sec (0h:0m:0s)
Total wall-clock time used: 0.541 sec (0h:0m:0s)

Analysis results written to: 
  IQ-TREE report:                felidae_atp8.trim.fas.iqtree
  Maximum-likelihood tree:       felidae_atp8.trim.fas.treefile
  Likelihood distances:          felidae_atp8.trim.fas.mldist
  Screen log file:               felidae_atp8.trim.fas.log

Date and Time: Thu Mar  7 21:04:46 2024
