IQ-TREE multicore version 2.1.4-beta COVID-edition for Linux 64-bit built Jun 24 2021
Developed by Bui Quang Minh, James Barbetti, Nguyen Lam Tung,
Olga Chernomor, Heiko Schmidt, Dominik Schrempf, Michael Woodhams.

Host:    IliaPC (AVX2, FMA3, 15 GB RAM)
Command: iqtree2 -m MFP -s SUP35_aln_prank.trim.fas --prefix SUP35_MF2
Seed:    339649 (Using SPRNG - Scalable Parallel Random Number Generator)
Time:    Wed Feb 28 00:25:41 2024
Kernel:  AVX+FMA - 1 threads (24 CPU cores detected)

HINT: Use -nt option to specify number of threads because your CPU has 24 cores!
HINT: -nt AUTO will automatically determine the best number of threads to use.

Reading alignment file SUP35_aln_prank.trim.fas ... Fasta format detected
Alignment most likely contains DNA/RNA sequences
Alignment has 10 sequences with 2025 columns, 570 distinct patterns
499 parsimony-informative, 387 singleton sites, 1139 constant sites
                                        Gap/Ambiguity  Composition  p-value
   1  SUP35_Kla_AB039749                        7.11%    passed     27.73%
   2  SUP35_Agos_ATCC_10895_NM_211584          10.67%    failed      0.00%
   3  SUP35_Scer_74-D694_GCA_001578265.1        0.00%    passed     94.19%
   4  SUP35_Sbou_unique28_CM003560              0.00%    passed     92.62%
   5  SUP35_Scer_beer078_CM005938               2.22%    passed     92.29%
   6  SUP35_Spar_A12_Liti                       0.00%    passed     51.58%
   7  SUP35_Smik_IFO1815T_30                    0.00%    passed     73.50%
   8  SUP35_Sarb_H-6_chrXIII_CM001575           0.00%    passed     55.73%
   9  SUP35_Skud_IFO1802T_36                    0.44%    passed     99.03%
  10  SUP35_Seub_CBS12357_chr_II_IV_DF968535    0.59%    passed     60.63%
****  TOTAL                                     2.10%  1 sequences failed composition chi2 test (p-value<5%; df=3)


Create initial parsimony tree by phylogenetic likelihood library (PLL)... 0.001 seconds
Perform fast likelihood tree search using GTR+I+G model...
Estimate model parameters (epsilon = 5.000)
Perform nearest neighbor interchange...
Estimate model parameters (epsilon = 1.000)
1. Initial log-likelihood: -8988.442
Optimal log-likelihood: -8988.287
Rate parameters:  A-C: 2.92660  A-G: 9.30420  A-T: 2.00459  C-G: 2.92054  C-T: 24.60886  G-T: 1.00000
Base frequencies:  A: 0.341  C: 0.193  G: 0.225  T: 0.241
Proportion of invariable sites: 0.272
Gamma shape alpha: 0.878
Parameters optimization took 1 rounds (0.012 sec)
Time for fast ML tree search: 0.095 seconds

NOTE: ModelFinder requires 1 MB RAM!
ModelFinder will test up to 286 DNA models (sample size: 2025) ...
 No. Model         -LnL         df  AIC          AICc         BIC
  1  GTR+F         9267.260     25  18584.521    18585.171    18724.854
  2  GTR+F+I       9000.272     26  18052.544    18053.247    18198.490
  3  GTR+F+G4      8990.601     26  18033.202    18033.905    18179.149
  4  GTR+F+I+G4    8988.267     27  18030.534    18031.291    18182.094
  5  GTR+F+R2      9006.406     27  18066.811    18067.569    18218.371
  6  GTR+F+R3      8992.671     29  18043.341    18044.213    18206.128
  7  GTR+F+R4      8988.419     31  18038.837    18039.833    18212.850
 16  SYM+G4        9046.204     23  18138.409    18138.960    18267.515
 17  SYM+I+G4      9044.392     24  18136.785    18137.385    18271.504
 29  TVM+F+G4      9035.125     25  18120.249    18120.900    18260.583
 30  TVM+F+I+G4    9034.612     26  18121.224    18121.927    18267.171
 42  TVMe+G4       9066.172     22  18176.345    18176.850    18299.838
 43  TVMe+I+G4     9065.948     23  18177.896    18178.448    18307.002
 55  TIM3+F+G4     8993.686     24  18035.372    18035.972    18170.092
 56  TIM3+F+I+G4   8991.335     25  18032.671    18033.321    18173.004
 68  TIM3e+G4      9058.498     21  18158.996    18159.458    18276.876
 69  TIM3e+I+G4    9056.530     22  18157.059    18157.565    18280.552
 81  TIM2+F+G4     8998.340     24  18044.680    18045.280    18179.399
 82  TIM2+F+I+G4   8995.740     25  18041.480    18042.131    18181.814
 94  TIM2e+G4      9049.789     21  18141.577    18142.038    18259.457
 95  TIM2e+I+G4    9047.871     22  18139.742    18140.248    18263.235
107  TIM+F+G4      8999.957     24  18047.915    18048.515    18182.635
108  TIM+F+I+G4    8997.340     25  18044.680    18045.330    18185.013
120  TIMe+G4       9059.921     21  18161.842    18162.304    18279.722
121  TIMe+I+G4     9057.809     22  18159.617    18160.123    18283.110
133  TPM3u+F+G4    9037.869     23  18121.738    18122.290    18250.845
134  TPM3u+F+I+G4  9037.267     24  18122.533    18123.133    18257.253
146  TPM3+F+G4     9037.869     23  18121.738    18122.290    18250.845
147  TPM3+F+I+G4   9037.267     24  18122.533    18123.133    18257.253
159  TPM2u+F+G4    9042.209     23  18130.418    18130.970    18259.525
160  TPM2u+F+I+G4  9041.628     24  18131.257    18131.857    18265.976
172  TPM2+F+G4     9042.209     23  18130.418    18130.970    18259.525
173  TPM2+F+I+G4   9041.628     24  18131.257    18131.857    18265.976
185  K3Pu+F+G4     9043.580     23  18133.159    18133.711    18262.266
186  K3Pu+F+I+G4   9042.928     24  18133.857    18134.457    18268.576
198  K3P+G4        9080.931     20  18201.862    18202.281    18314.129
199  K3P+I+G4      9080.328     21  18202.656    18203.117    18320.536
211  TN+F+G4       9000.108     23  18046.216    18046.768    18175.323
212  TN+F+I+G4     8997.491     24  18042.982    18043.582    18177.702
224  TNe+G4        9060.519     20  18161.038    18161.457    18273.304
225  TNe+I+G4      9058.433     21  18158.865    18159.327    18276.745
237  HKY+F+G4      9043.662     22  18131.324    18131.830    18254.818
238  HKY+F+I+G4    9043.007     23  18132.015    18132.566    18261.121
250  K2P+G4        9081.477     19  18200.954    18201.333    18307.607
251  K2P+I+G4      9080.914     20  18201.828    18202.247    18314.095
263  F81+F+G4      9512.349     21  19066.699    19067.160    19184.579
264  F81+F+I+G4    9510.190     22  19064.381    19064.886    19187.874
276  JC+G4         9525.446     18  19086.892    19087.233    19187.932
277  JC+I+G4       9524.103     19  19086.206    19086.585    19192.859
Akaike Information Criterion:           GTR+F+I+G4
Corrected Akaike Information Criterion: GTR+F+I+G4
Bayesian Information Criterion:         TIM3+F+G4
Best-fit model: TIM3+F+G4 chosen according to BIC

All model information printed to SUP35_MF2.model.gz
CPU time for ModelFinder: 1.549 seconds (0h:0m:1s)
Wall-clock time for ModelFinder: 1.560 seconds (0h:0m:1s)

NOTE: 0 MB RAM (0 GB) is required!
Estimate model parameters (epsilon = 0.100)
1. Initial log-likelihood: -8993.686
Optimal log-likelihood: -8993.686
Rate parameters:  A-C: 1.83250  A-G: 5.98585  A-T: 1.00000  C-G: 1.83250  C-T: 15.43220  G-T: 1.00000
Base frequencies:  A: 0.341  C: 0.193  G: 0.225  T: 0.241
Gamma shape alpha: 0.399
Parameters optimization took 1 rounds (0.005 sec)
Computing ML distances based on estimated model parameters...
Computing ML distances took 0.001939 sec (of wall-clock time) 0.001797 sec(of CPU time)
WARNING: Some pairwise ML distances are too long (saturated)
Computing RapidNJ tree took 0.000063 sec (of wall-clock time) 0.000057 sec (of CPU time)
Log-likelihood of RapidNJ tree: -9010.178
--------------------------------------------------------------------
|             INITIALIZING CANDIDATE TREE SET                      |
--------------------------------------------------------------------
Generating 98 parsimony trees... 0.096 second
Computing log-likelihood of 90 initial trees ... 0.140 seconds
Current best score: -8993.686

Do NNI search on 20 best initial trees
Estimate model parameters (epsilon = 0.100)
BETTER TREE FOUND at iteration 1: -8993.157
UPDATE BEST LOG-LIKELIHOOD: -8993.157
UPDATE BEST LOG-LIKELIHOOD: -8993.157
Iteration 10 / LogL: -8993.157 / Time: 0h:0m:0s
Iteration 20 / LogL: -8993.167 / Time: 0h:0m:0s
Finish initializing candidate tree set (3)
Current best tree score: -8993.157 / CPU time: 0.620
Number of iterations: 20
--------------------------------------------------------------------
|               OPTIMIZING CANDIDATE TREE SET                      |
--------------------------------------------------------------------
UPDATE BEST LOG-LIKELIHOOD: -8993.157
Iteration 30 / LogL: -8993.167 / Time: 0h:0m:0s (0h:0m:2s left)
Iteration 40 / LogL: -9075.014 / Time: 0h:0m:1s (0h:0m:1s left)
UPDATE BEST LOG-LIKELIHOOD: -8993.157
UPDATE BEST LOG-LIKELIHOOD: -8993.157
Iteration 50 / LogL: -8993.169 / Time: 0h:0m:1s (0h:0m:1s left)
Iteration 60 / LogL: -8993.700 / Time: 0h:0m:1s (0h:0m:1s left)
Iteration 70 / LogL: -8993.157 / Time: 0h:0m:1s (0h:0m:0s left)
Iteration 80 / LogL: -8993.167 / Time: 0h:0m:1s (0h:0m:0s left)
Iteration 90 / LogL: -8993.170 / Time: 0h:0m:2s (0h:0m:0s left)
Iteration 100 / LogL: -8993.169 / Time: 0h:0m:2s (0h:0m:0s left)
TREE SEARCH COMPLETED AFTER 102 ITERATIONS / Time: 0h:0m:2s

--------------------------------------------------------------------
|                    FINALIZING TREE SEARCH                        |
--------------------------------------------------------------------
Performs final model parameters optimization
Estimate model parameters (epsilon = 0.010)
1. Initial log-likelihood: -8993.157
Optimal log-likelihood: -8993.156
Rate parameters:  A-C: 1.82325  A-G: 6.02270  A-T: 1.00000  C-G: 1.82325  C-T: 15.41073  G-T: 1.00000
Base frequencies:  A: 0.341  C: 0.193  G: 0.225  T: 0.241
Gamma shape alpha: 0.399
Parameters optimization took 1 rounds (0.005 sec)
BEST SCORE FOUND : -8993.156
Total tree length: 1.431

Total number of iterations: 102
CPU time used for tree search: 2.362 sec (0h:0m:2s)
Wall-clock time used for tree search: 2.371 sec (0h:0m:2s)
Total CPU time used: 2.397 sec (0h:0m:2s)
Total wall-clock time used: 2.405 sec (0h:0m:2s)

Analysis results written to: 
  IQ-TREE report:                SUP35_MF2.iqtree
  Maximum-likelihood tree:       SUP35_MF2.treefile
  Likelihood distances:          SUP35_MF2.mldist
  Screen log file:               SUP35_MF2.log

Date and Time: Wed Feb 28 00:25:45 2024
