
RAxML-NG v. 0.9.0 released on 20.05.2019 by The Exelixis Lab.
Developed by: Alexey M. Kozlov and Alexandros Stamatakis.
Contributors: Diego Darriba, Tomas Flouri, Benoit Morel, Sarah Lutteropp, Ben Bettisworth.
Latest version: https://github.com/amkozlov/raxml-ng
Questions/problems/suggestions? Please visit: https://groups.google.com/forum/#!forum/raxml

RAxML-NG was called at 27-Feb-2024 23:32:51 as follows:

raxml-ng --msa SUP35_aln_prank.trim.fas --model TIM3+G4 --prefix SUP35_raxml --threads 2 --seed 222 --outgroup SUP35_Kla_AB039749

Analysis options:
  run mode: ML tree search
  start tree(s): random (10) + parsimony (10)
  random seed: 222
  tip-inner: OFF
  pattern compression: ON
  per-rate scalers: OFF
  site repeats: ON
  fast spr radius: AUTO
  spr subtree cutoff: 1.000000
  branch lengths: proportional (ML estimate, algorithm: NR-FAST)
  SIMD kernels: AVX2
  parallelization: PTHREADS (2 threads), thread pinning: OFF

[00:00:00] Reading alignment from file: SUP35_aln_prank.trim.fas
[00:00:00] Loaded alignment with 10 taxa and 2025 sites

Alignment comprises 1 partitions and 570 patterns

Partition 0: noname
Model: TIM3+G4m
Alignment sites / patterns: 2025 / 570
Gaps: 2.10 %
Invariant sites: 56.25 %


NOTE: Binary MSA file created: SUP35_raxml.raxml.rba

[00:00:00] Generating 10 random starting tree(s) with 10 taxa
[00:00:00] Generating 10 parsimony starting tree(s) with 10 taxa
[00:00:00] Data distribution: max. partitions/sites/weight per thread: 1 / 285 / 4560

Starting ML tree search with 20 distinct starting trees

[00:00:00 -11788.420650] Initial branch length optimization
[00:00:00 -10113.411739] Model parameter optimization (eps = 10.000000)
[00:00:00 -9392.194557] AUTODETECT spr round 1 (radius: 5)
[00:00:00 -9071.276048] AUTODETECT spr round 2 (radius: 10)
[00:00:00 -9071.262684] SPR radius for FAST iterations: 5 (autodetect)
[00:00:00 -9071.262684] Model parameter optimization (eps = 3.000000)
[00:00:00 -9057.918565] FAST spr round 1 (radius: 5)
[00:00:00 -9057.906656] Model parameter optimization (eps = 1.000000)
[00:00:00 -9057.701247] SLOW spr round 1 (radius: 5)
[00:00:00 -9057.699701] SLOW spr round 2 (radius: 10)
[00:00:00 -9057.699693] Model parameter optimization (eps = 0.100000)

[00:00:00] ML tree search #1, logLikelihood: -9057.668582

[00:00:00 -11598.692132] Initial branch length optimization
[00:00:00 -10072.059350] Model parameter optimization (eps = 10.000000)
[00:00:00 -9377.122672] AUTODETECT spr round 1 (radius: 5)
[00:00:00 -9087.045924] AUTODETECT spr round 2 (radius: 10)
[00:00:00 -9087.029946] SPR radius for FAST iterations: 5 (autodetect)
[00:00:00 -9087.029946] Model parameter optimization (eps = 3.000000)
[00:00:00 -9074.918757] FAST spr round 1 (radius: 5)
[00:00:00 -9058.898682] FAST spr round 2 (radius: 5)
[00:00:00 -9058.014497] FAST spr round 3 (radius: 5)
[00:00:00 -9058.014132] Model parameter optimization (eps = 1.000000)
[00:00:00 -9057.719875] SLOW spr round 1 (radius: 5)
[00:00:00 -9057.718077] SLOW spr round 2 (radius: 10)
[00:00:00 -9057.718070] Model parameter optimization (eps = 0.100000)

[00:00:00] ML tree search #2, logLikelihood: -9057.670604

[00:00:00 -11733.348300] Initial branch length optimization
[00:00:00 -10225.309082] Model parameter optimization (eps = 10.000000)
[00:00:00 -9443.986058] AUTODETECT spr round 1 (radius: 5)
[00:00:00 -9076.682276] AUTODETECT spr round 2 (radius: 10)
[00:00:00 -9076.664471] SPR radius for FAST iterations: 5 (autodetect)
[00:00:00 -9076.664471] Model parameter optimization (eps = 3.000000)
[00:00:00 -9059.040273] FAST spr round 1 (radius: 5)
[00:00:00 -9058.118184] FAST spr round 2 (radius: 5)
[00:00:00 -9058.118174] Model parameter optimization (eps = 1.000000)
[00:00:00 -9057.734258] SLOW spr round 1 (radius: 5)
[00:00:01 -9057.733528] SLOW spr round 2 (radius: 10)
[00:00:01 -9057.733528] Model parameter optimization (eps = 0.100000)

[00:00:01] ML tree search #3, logLikelihood: -9057.674379

[00:00:01 -11210.460741] Initial branch length optimization
[00:00:01 -10007.325736] Model parameter optimization (eps = 10.000000)
[00:00:01 -9325.047236] AUTODETECT spr round 1 (radius: 5)
[00:00:01 -9100.383297] AUTODETECT spr round 2 (radius: 10)
[00:00:01 -9074.788804] SPR radius for FAST iterations: 10 (autodetect)
[00:00:01 -9074.788804] Model parameter optimization (eps = 3.000000)
[00:00:01 -9065.241923] FAST spr round 1 (radius: 10)
[00:00:01 -9058.629819] FAST spr round 2 (radius: 10)
[00:00:01 -9057.777675] FAST spr round 3 (radius: 10)
[00:00:01 -9057.776763] Model parameter optimization (eps = 1.000000)
[00:00:01 -9057.683482] SLOW spr round 1 (radius: 5)
[00:00:01 -9057.682323] SLOW spr round 2 (radius: 10)
[00:00:01 -9057.682322] Model parameter optimization (eps = 0.100000)

[00:00:01] ML tree search #4, logLikelihood: -9057.665794

[00:00:01 -11746.519641] Initial branch length optimization
[00:00:01 -10121.832022] Model parameter optimization (eps = 10.000000)
[00:00:01 -9373.217296] AUTODETECT spr round 1 (radius: 5)
[00:00:01 -9099.881429] AUTODETECT spr round 2 (radius: 10)
[00:00:01 -9099.880922] SPR radius for FAST iterations: 5 (autodetect)
[00:00:01 -9099.880922] Model parameter optimization (eps = 3.000000)
[00:00:01 -9087.956658] FAST spr round 1 (radius: 5)
[00:00:01 -9059.404410] FAST spr round 2 (radius: 5)
[00:00:01 -9059.403764] Model parameter optimization (eps = 1.000000)
[00:00:01 -9057.704577] SLOW spr round 1 (radius: 5)
[00:00:01 -9057.704243] SLOW spr round 2 (radius: 10)
[00:00:01 -9057.704240] Model parameter optimization (eps = 0.100000)

[00:00:01] ML tree search #5, logLikelihood: -9057.669497

[00:00:01 -11859.125235] Initial branch length optimization
[00:00:01 -10417.255858] Model parameter optimization (eps = 10.000000)
[00:00:01 -9520.975452] AUTODETECT spr round 1 (radius: 5)
[00:00:01 -9100.821567] AUTODETECT spr round 2 (radius: 10)
[00:00:01 -9100.767169] SPR radius for FAST iterations: 5 (autodetect)
[00:00:01 -9100.767169] Model parameter optimization (eps = 3.000000)
[00:00:02 -9074.357752] FAST spr round 1 (radius: 5)
[00:00:02 -9057.857628] FAST spr round 2 (radius: 5)
[00:00:02 -9057.857290] Model parameter optimization (eps = 1.000000)
[00:00:02 -9057.688097] SLOW spr round 1 (radius: 5)
[00:00:02 -9057.687257] SLOW spr round 2 (radius: 10)
[00:00:02 -9057.687256] Model parameter optimization (eps = 0.100000)

[00:00:02] ML tree search #6, logLikelihood: -9057.666072

[00:00:02 -11919.950345] Initial branch length optimization
[00:00:02 -10243.305957] Model parameter optimization (eps = 10.000000)
[00:00:02 -9458.991231] AUTODETECT spr round 1 (radius: 5)
[00:00:02 -9087.274460] AUTODETECT spr round 2 (radius: 10)
[00:00:02 -9087.270055] SPR radius for FAST iterations: 5 (autodetect)
[00:00:02 -9087.270055] Model parameter optimization (eps = 3.000000)
[00:00:02 -9068.418562] FAST spr round 1 (radius: 5)
[00:00:02 -9057.798337] FAST spr round 2 (radius: 5)
[00:00:02 -9057.797480] Model parameter optimization (eps = 1.000000)
[00:00:02 -9057.686472] SLOW spr round 1 (radius: 5)
[00:00:02 -9057.684631] SLOW spr round 2 (radius: 10)
[00:00:02 -9057.684630] Model parameter optimization (eps = 0.100000)

[00:00:02] ML tree search #7, logLikelihood: -9057.665963

[00:00:02 -12017.992604] Initial branch length optimization
[00:00:02 -10433.845762] Model parameter optimization (eps = 10.000000)
[00:00:02 -9522.913455] AUTODETECT spr round 1 (radius: 5)
[00:00:02 -9110.751256] AUTODETECT spr round 2 (radius: 10)
[00:00:02 -9110.727509] SPR radius for FAST iterations: 5 (autodetect)
[00:00:02 -9110.727509] Model parameter optimization (eps = 3.000000)
[00:00:02 -9086.526287] FAST spr round 1 (radius: 5)
[00:00:02 -9059.110559] FAST spr round 2 (radius: 5)
[00:00:02 -9058.432872] FAST spr round 3 (radius: 5)
[00:00:02 -9058.430422] Model parameter optimization (eps = 1.000000)
[00:00:02 -9057.792862] SLOW spr round 1 (radius: 5)
[00:00:03 -9057.792266] SLOW spr round 2 (radius: 10)
[00:00:03 -9057.792263] Model parameter optimization (eps = 0.100000)

[00:00:03] ML tree search #8, logLikelihood: -9057.666092

[00:00:03 -11366.838737] Initial branch length optimization
[00:00:03 -10048.935280] Model parameter optimization (eps = 10.000000)
[00:00:03 -9375.463549] AUTODETECT spr round 1 (radius: 5)
[00:00:03 -9069.143623] AUTODETECT spr round 2 (radius: 10)
[00:00:03 -9069.139697] SPR radius for FAST iterations: 5 (autodetect)
[00:00:03 -9069.139697] Model parameter optimization (eps = 3.000000)
[00:00:03 -9058.566619] FAST spr round 1 (radius: 5)
[00:00:03 -9057.873921] FAST spr round 2 (radius: 5)
[00:00:03 -9057.872804] Model parameter optimization (eps = 1.000000)
[00:00:03 -9057.693574] SLOW spr round 1 (radius: 5)
[00:00:03 -9057.693302] SLOW spr round 2 (radius: 10)
[00:00:03 -9057.693300] Model parameter optimization (eps = 0.100000)

[00:00:03] ML tree search #9, logLikelihood: -9057.668121

[00:00:03 -11334.660020] Initial branch length optimization
[00:00:03 -9893.304033] Model parameter optimization (eps = 10.000000)
[00:00:03 -9270.002024] AUTODETECT spr round 1 (radius: 5)
[00:00:03 -9065.074818] AUTODETECT spr round 2 (radius: 10)
[00:00:03 -9065.069947] SPR radius for FAST iterations: 5 (autodetect)
[00:00:03 -9065.069947] Model parameter optimization (eps = 3.000000)
[00:00:03 -9057.754325] FAST spr round 1 (radius: 5)
[00:00:03 -9057.750850] Model parameter optimization (eps = 1.000000)
[00:00:03 -9057.676524] SLOW spr round 1 (radius: 5)
[00:00:03 -9057.675766] SLOW spr round 2 (radius: 10)
[00:00:03 -9057.675762] Model parameter optimization (eps = 0.100000)

[00:00:03] ML tree search #10, logLikelihood: -9057.664715

[00:00:03 -10571.200774] Initial branch length optimization
[00:00:03 -9562.263573] Model parameter optimization (eps = 10.000000)
[00:00:03 -9059.633072] AUTODETECT spr round 1 (radius: 5)
[00:00:03 -9058.660600] AUTODETECT spr round 2 (radius: 10)
[00:00:03 -9058.660528] SPR radius for FAST iterations: 5 (autodetect)
[00:00:03 -9058.660528] Model parameter optimization (eps = 3.000000)
[00:00:03 -9057.799639] FAST spr round 1 (radius: 5)
[00:00:03 -9057.798237] Model parameter optimization (eps = 1.000000)
[00:00:03 -9057.684161] SLOW spr round 1 (radius: 5)
[00:00:03 -9057.682736] SLOW spr round 2 (radius: 10)
[00:00:04 -9057.682736] Model parameter optimization (eps = 0.100000)

[00:00:04] ML tree search #11, logLikelihood: -9057.666104

[00:00:04 -10591.882636] Initial branch length optimization
[00:00:04 -9563.449885] Model parameter optimization (eps = 10.000000)
[00:00:04 -9059.254902] AUTODETECT spr round 1 (radius: 5)
[00:00:04 -9058.594582] AUTODETECT spr round 2 (radius: 10)
[00:00:04 -9058.582799] SPR radius for FAST iterations: 5 (autodetect)
[00:00:04 -9058.582799] Model parameter optimization (eps = 3.000000)
[00:00:04 -9057.794577] FAST spr round 1 (radius: 5)
[00:00:04 -9057.788853] Model parameter optimization (eps = 1.000000)
[00:00:04 -9057.681783] SLOW spr round 1 (radius: 5)
[00:00:04 -9057.681630] SLOW spr round 2 (radius: 10)
[00:00:04 -9057.681630] Model parameter optimization (eps = 0.100000)

[00:00:04] ML tree search #12, logLikelihood: -9057.665686

[00:00:04 -10593.698278] Initial branch length optimization
[00:00:04 -9566.484314] Model parameter optimization (eps = 10.000000)
[00:00:04 -9067.650774] AUTODETECT spr round 1 (radius: 5)
[00:00:04 -9058.764685] AUTODETECT spr round 2 (radius: 10)
[00:00:04 -9058.757624] SPR radius for FAST iterations: 5 (autodetect)
[00:00:04 -9058.757624] Model parameter optimization (eps = 3.000000)
[00:00:04 -9057.801635] FAST spr round 1 (radius: 5)
[00:00:04 -9057.794633] Model parameter optimization (eps = 1.000000)
[00:00:04 -9057.682922] SLOW spr round 1 (radius: 5)
[00:00:04 -9057.682076] SLOW spr round 2 (radius: 10)
[00:00:04 -9057.682072] Model parameter optimization (eps = 0.100000)

[00:00:04] ML tree search #13, logLikelihood: -9057.665665

[00:00:04 -10571.200774] Initial branch length optimization
[00:00:04 -9562.284827] Model parameter optimization (eps = 10.000000)
[00:00:04 -9059.553769] AUTODETECT spr round 1 (radius: 5)
[00:00:04 -9058.656269] AUTODETECT spr round 2 (radius: 10)
[00:00:04 -9058.649597] SPR radius for FAST iterations: 5 (autodetect)
[00:00:04 -9058.649597] Model parameter optimization (eps = 3.000000)
[00:00:04 -9057.811011] FAST spr round 1 (radius: 5)
[00:00:04 -9057.797136] Model parameter optimization (eps = 1.000000)
[00:00:04 -9057.684326] SLOW spr round 1 (radius: 5)
[00:00:04 -9057.682555] SLOW spr round 2 (radius: 10)
[00:00:04 -9057.682553] Model parameter optimization (eps = 0.100000)

[00:00:04] ML tree search #14, logLikelihood: -9057.665733

[00:00:04 -10593.698278] Initial branch length optimization
[00:00:04 -9566.222495] Model parameter optimization (eps = 10.000000)
[00:00:04 -9067.808486] AUTODETECT spr round 1 (radius: 5)
[00:00:04 -9058.763256] AUTODETECT spr round 2 (radius: 10)
[00:00:04 -9058.761537] SPR radius for FAST iterations: 5 (autodetect)
[00:00:04 -9058.761537] Model parameter optimization (eps = 3.000000)
[00:00:04 -9057.799598] FAST spr round 1 (radius: 5)
[00:00:04 -9057.793466] Model parameter optimization (eps = 1.000000)
[00:00:04 -9057.682308] SLOW spr round 1 (radius: 5)
[00:00:05 -9057.682017] SLOW spr round 2 (radius: 10)
[00:00:05 -9057.682013] Model parameter optimization (eps = 0.100000)

[00:00:05] ML tree search #15, logLikelihood: -9057.665691

[00:00:05 -10574.472934] Initial branch length optimization
[00:00:05 -9562.211689] Model parameter optimization (eps = 10.000000)
[00:00:05 -9058.704156] AUTODETECT spr round 1 (radius: 5)
[00:00:05 -9057.905234] AUTODETECT spr round 2 (radius: 10)
[00:00:05 -9057.900709] SPR radius for FAST iterations: 5 (autodetect)
[00:00:05 -9057.900709] Model parameter optimization (eps = 3.000000)
[00:00:05 -9057.698621] FAST spr round 1 (radius: 5)
[00:00:05 -9057.696356] Model parameter optimization (eps = 1.000000)
[00:00:05 -9057.668392] SLOW spr round 1 (radius: 5)
[00:00:05 -9057.667674] SLOW spr round 2 (radius: 10)
[00:00:05 -9057.667674] Model parameter optimization (eps = 0.100000)

[00:00:05] ML tree search #16, logLikelihood: -9057.664942

[00:00:05 -10573.295724] Initial branch length optimization
[00:00:05 -9565.721661] Model parameter optimization (eps = 10.000000)
[00:00:05 -9065.988407] AUTODETECT spr round 1 (radius: 5)
[00:00:05 -9059.591296] AUTODETECT spr round 2 (radius: 10)
[00:00:05 -9059.591284] SPR radius for FAST iterations: 5 (autodetect)
[00:00:05 -9059.591284] Model parameter optimization (eps = 3.000000)
[00:00:05 -9058.630881] FAST spr round 1 (radius: 5)
[00:00:05 -9057.829888] FAST spr round 2 (radius: 5)
[00:00:05 -9057.829101] Model parameter optimization (eps = 1.000000)
[00:00:05 -9057.689681] SLOW spr round 1 (radius: 5)
[00:00:05 -9057.686216] SLOW spr round 2 (radius: 10)
[00:00:05 -9057.686211] Model parameter optimization (eps = 0.100000)

[00:00:05] ML tree search #17, logLikelihood: -9057.666621

[00:00:05 -10574.468161] Initial branch length optimization
[00:00:05 -9562.522332] Model parameter optimization (eps = 10.000000)
[00:00:05 -9059.542496] AUTODETECT spr round 1 (radius: 5)
[00:00:05 -9058.679094] AUTODETECT spr round 2 (radius: 10)
[00:00:05 -9058.679056] SPR radius for FAST iterations: 5 (autodetect)
[00:00:05 -9058.679056] Model parameter optimization (eps = 3.000000)
[00:00:05 -9057.801544] FAST spr round 1 (radius: 5)
[00:00:05 -9057.800238] Model parameter optimization (eps = 1.000000)
[00:00:05 -9057.683256] SLOW spr round 1 (radius: 5)
[00:00:06 -9057.683039] SLOW spr round 2 (radius: 10)
[00:00:06 -9057.683039] Model parameter optimization (eps = 0.100000)

[00:00:06] ML tree search #18, logLikelihood: -9057.666181

[00:00:06 -10574.468161] Initial branch length optimization
[00:00:06 -9562.466603] Model parameter optimization (eps = 10.000000)
[00:00:06 -9059.550569] AUTODETECT spr round 1 (radius: 5)
[00:00:06 -9058.688095] AUTODETECT spr round 2 (radius: 10)
[00:00:06 -9058.688048] SPR radius for FAST iterations: 5 (autodetect)
[00:00:06 -9058.688048] Model parameter optimization (eps = 3.000000)
[00:00:06 -9057.802201] FAST spr round 1 (radius: 5)
[00:00:06 -9057.801009] Model parameter optimization (eps = 1.000000)
[00:00:06 -9057.683333] SLOW spr round 1 (radius: 5)
[00:00:06 -9057.683130] SLOW spr round 2 (radius: 10)
[00:00:06 -9057.683130] Model parameter optimization (eps = 0.100000)

[00:00:06] ML tree search #19, logLikelihood: -9057.666202

[00:00:06 -10593.698278] Initial branch length optimization
[00:00:06 -9566.333107] Model parameter optimization (eps = 10.000000)
[00:00:06 -9067.688186] AUTODETECT spr round 1 (radius: 5)
[00:00:06 -9058.755568] AUTODETECT spr round 2 (radius: 10)
[00:00:06 -9058.754126] SPR radius for FAST iterations: 5 (autodetect)
[00:00:06 -9058.754126] Model parameter optimization (eps = 3.000000)
[00:00:06 -9057.795131] FAST spr round 1 (radius: 5)
[00:00:06 -9057.793443] Model parameter optimization (eps = 1.000000)
[00:00:06 -9057.682163] SLOW spr round 1 (radius: 5)
[00:00:06 -9057.681950] SLOW spr round 2 (radius: 10)
[00:00:06 -9057.681949] Model parameter optimization (eps = 0.100000)

[00:00:06] ML tree search #20, logLikelihood: -9057.665965


Optimized model parameters:

   Partition 0: noname
   Rate heterogeneity: GAMMA (4 cats, mean),  alpha: 0.389767 (ML),  weights&rates: (0.250000,0.015266) (0.250000,0.174072) (0.250000,0.719966) (0.250000,3.090696) 
   Base frequencies (model): 0.250000 0.250000 0.250000 0.250000 
   Substitution rates (ML): 1.385088 5.852153 1.000000 1.385088 11.058973 1.000000 


Final LogLikelihood: -9057.664715

AIC score: 18157.329430 / AICc score: 18157.790738 / BIC score: 18275.209255
Free parameters (model + branch lengths): 21

Best ML tree saved to: /home/ilia/MolPhylo2024_4_trees/SUP35_raxml.raxml.bestTree
All ML trees saved to: /home/ilia/MolPhylo2024_4_trees/SUP35_raxml.raxml.mlTrees
Optimized model saved to: /home/ilia/MolPhylo2024_4_trees/SUP35_raxml.raxml.bestModel

Execution log saved to: /home/ilia/MolPhylo2024_4_trees/SUP35_raxml.raxml.log

Analysis started: 27-Feb-2024 23:32:51 / finished: 27-Feb-2024 23:32:58

Elapsed time: 6.626 seconds

