IQ-TREE multicore version 2.1.4-beta COVID-edition for Linux 64-bit built Jun 24 2021
Developed by Bui Quang Minh, James Barbetti, Nguyen Lam Tung,
Olga Chernomor, Heiko Schmidt, Dominik Schrempf, Michael Woodhams.

Host:    IliaPC (AVX2, FMA3, 15 GB RAM)
Command: iqtree2 -s SUP35_aln_prank.best.fas -pre SUP35_iqtree_unfilt
Seed:    273100 (Using SPRNG - Scalable Parallel Random Number Generator)
Time:    Wed Feb 28 01:27:08 2024
Kernel:  AVX+FMA - 1 threads (24 CPU cores detected)

HINT: Use -nt option to specify number of threads because your CPU has 24 cores!
HINT: -nt AUTO will automatically determine the best number of threads to use.

Reading alignment file SUP35_aln_prank.best.fas ... Fasta format detected
Alignment most likely contains DNA/RNA sequences
Alignment has 10 sequences with 2490 columns, 614 distinct patterns
500 parsimony-informative, 404 singleton sites, 1586 constant sites
                                        Gap/Ambiguity  Composition  p-value
   1  SUP35_Kla_AB039749                       15.54%    passed     87.59%
   2  SUP35_Agos_ATCC_10895_NM_211584          16.75%    failed      0.00%
   3  SUP35_Scer_74-D694_GCA_001578265.1       17.35%    passed     92.67%
   4  SUP35_Sbou_unique28_CM003560             17.47%    passed     92.66%
   5  SUP35_Scer_beer078_CM005938              19.76%    passed     89.91%
   6  SUP35_Spar_A12_Liti                      17.95%    passed     57.90%
   7  SUP35_Smik_IFO1815T_30                   17.95%    passed     62.29%
   8  SUP35_Sarb_H-6_chrXIII_CM001575          18.07%    passed     58.91%
   9  SUP35_Skud_IFO1802T_36                   18.31%    passed     98.46%
  10  SUP35_Seub_CBS12357_chr_II_IV_DF968535   18.80%    passed     64.21%
****  TOTAL                                    17.80%  1 sequences failed composition chi2 test (p-value<5%; df=3)


Create initial parsimony tree by phylogenetic likelihood library (PLL)... 0.001 seconds
Perform fast likelihood tree search using GTR+I+G model...
Estimate model parameters (epsilon = 5.000)
Perform nearest neighbor interchange...
Estimate model parameters (epsilon = 1.000)
1. Initial log-likelihood: -9691.451
Optimal log-likelihood: -9691.324
Rate parameters:  A-C: 2.68607  A-G: 8.66346  A-T: 1.84931  C-G: 2.74818  C-T: 22.73181  G-T: 1.00000
Base frequencies:  A: 0.342  C: 0.194  G: 0.225  T: 0.239
Proportion of invariable sites: 0.311
Gamma shape alpha: 1.042
Parameters optimization took 1 rounds (0.012 sec)
Time for fast ML tree search: 0.128 seconds

NOTE: ModelFinder requires 2 MB RAM!
ModelFinder will test up to 286 DNA models (sample size: 2490) ...
 No. Model         -LnL         df  AIC          AICc         BIC
  1  GTR+F         9975.438     25  20000.875    20001.403    20146.376
  2  GTR+F+I       9702.700     26  19457.400    19457.970    19608.721
  3  GTR+F+G4      9694.349     26  19440.698    19441.268    19592.019
  4  GTR+F+I+G4    9691.264     27  19436.527    19437.141    19593.668
  5  GTR+F+R2      9710.938     27  19475.876    19476.491    19633.017
  6  GTR+F+R3      9696.371     29  19450.743    19451.450    19619.524
  7  GTR+F+R4      9691.577     31  19445.155    19445.962    19625.576
 16  SYM+G4        9762.552     23  19571.105    19571.552    19704.965
 17  SYM+I+G4      9760.229     24  19568.457    19568.944    19708.138
 29  TVM+F+G4      9738.631     25  19527.261    19527.789    19672.762
 30  TVM+F+I+G4    9737.734     26  19527.467    19528.037    19678.788
 42  TVMe+G4       9781.963     22  19607.926    19608.336    19735.967
 43  TVMe+I+G4     9781.625     23  19609.249    19609.697    19743.110
 55  TIM3+F+G4     9696.913     24  19441.826    19442.313    19581.507
 56  TIM3+F+I+G4   9693.774     25  19437.547    19438.075    19583.048
 68  TIM3e+G4      9773.843     21  19589.685    19590.060    19711.906
 69  TIM3e+I+G4    9771.264     22  19586.529    19586.939    19714.569
 81  TIM2+F+G4     9701.927     24  19451.855    19452.341    19591.535
 82  TIM2+F+I+G4   9698.461     25  19446.922    19447.449    19592.422
 94  TIM2e+G4      9766.243     21  19574.487    19574.861    19696.707
 95  TIM2e+I+G4    9763.783     22  19571.566    19571.977    19699.607
107  TIM+F+G4      9703.129     24  19454.259    19454.745    19593.939
108  TIM+F+I+G4    9699.633     25  19449.265    19449.793    19594.766
120  TIMe+G4       9775.509     21  19593.017    19593.392    19715.238
121  TIMe+I+G4     9772.753     22  19589.506    19589.916    19717.546
133  TPM3u+F+G4    9740.973     23  19527.947    19528.394    19661.807
134  TPM3u+F+I+G4  9739.943     24  19527.887    19528.374    19667.568
146  TPM3+F+G4     9740.973     23  19527.947    19528.394    19661.807
147  TPM3+F+I+G4   9739.943     24  19527.887    19528.374    19667.568
159  TPM2u+F+G4    9745.559     23  19537.119    19537.566    19670.980
160  TPM2u+F+I+G4  9744.521     24  19537.041    19537.528    19676.722
172  TPM2+F+G4     9745.559     23  19537.119    19537.566    19670.980
173  TPM2+F+I+G4   9744.521     24  19537.041    19537.528    19676.722
185  K3Pu+F+G4     9746.659     23  19539.318    19539.766    19673.179
186  K3Pu+F+I+G4   9745.517     24  19539.034    19539.521    19678.715
198  K3P+G4        9796.052     20  19632.105    19632.445    19748.505
199  K3P+I+G4      9795.167     21  19632.333    19632.708    19754.554
211  TN+F+G4       9703.247     23  19452.495    19452.942    19586.356
212  TN+F+I+G4     9699.747     24  19447.493    19447.980    19587.174
224  TNe+G4        9776.036     20  19592.072    19592.412    19708.473
225  TNe+I+G4      9773.309     21  19588.619    19588.993    19710.840
237  HKY+F+G4      9746.719     22  19537.438    19537.848    19665.479
238  HKY+F+I+G4    9745.574     23  19537.149    19537.597    19671.010
250  K2P+G4        9796.526     19  19631.053    19631.361    19741.634
251  K2P+I+G4      9795.692     20  19631.384    19631.724    19747.785
263  F81+F+G4      10218.938    21  20479.876    20480.251    20602.097
264  F81+F+I+G4    10215.639    22  20475.277    20475.688    20603.318
276  JC+G4         10243.654    18  20523.307    20523.584    20628.068
277  JC+I+G4       10241.556    19  20521.112    20521.419    20631.692
Akaike Information Criterion:           GTR+F+I+G4
Corrected Akaike Information Criterion: GTR+F+I+G4
Bayesian Information Criterion:         TIM3+F+G4
Best-fit model: TIM3+F+G4 chosen according to BIC

All model information printed to SUP35_iqtree_unfilt.model.gz
CPU time for ModelFinder: 1.770 seconds (0h:0m:1s)
Wall-clock time for ModelFinder: 1.811 seconds (0h:0m:1s)

NOTE: 0 MB RAM (0 GB) is required!
Estimate model parameters (epsilon = 0.100)
1. Initial log-likelihood: -9696.913
Optimal log-likelihood: -9696.913
Rate parameters:  A-C: 1.81910  A-G: 5.95767  A-T: 1.00000  C-G: 1.81910  C-T: 15.27517  G-T: 1.00000
Base frequencies:  A: 0.342  C: 0.194  G: 0.225  T: 0.239
Gamma shape alpha: 0.398
Parameters optimization took 1 rounds (0.006 sec)
Computing ML distances based on estimated model parameters...
Computing ML distances took 0.001955 sec (of wall-clock time) 0.001799 sec(of CPU time)
WARNING: Some pairwise ML distances are too long (saturated)
Computing RapidNJ tree took 0.000124 sec (of wall-clock time) 0.000123 sec (of CPU time)
Log-likelihood of RapidNJ tree: -9713.925
--------------------------------------------------------------------
|             INITIALIZING CANDIDATE TREE SET                      |
--------------------------------------------------------------------
Generating 98 parsimony trees... 0.088 second
Computing log-likelihood of 93 initial trees ... 0.141 seconds
Current best score: -9696.913

Do NNI search on 20 best initial trees
Estimate model parameters (epsilon = 0.100)
BETTER TREE FOUND at iteration 1: -9696.913
BETTER TREE FOUND at iteration 2: -9696.905
UPDATE BEST LOG-LIKELIHOOD: -9696.905
Iteration 10 / LogL: -9696.937 / Time: 0h:0m:0s
Iteration 20 / LogL: -9696.913 / Time: 0h:0m:0s
Finish initializing candidate tree set (3)
Current best tree score: -9696.905 / CPU time: 0.662
Number of iterations: 20
--------------------------------------------------------------------
|               OPTIMIZING CANDIDATE TREE SET                      |
--------------------------------------------------------------------
Iteration 30 / LogL: -9696.913 / Time: 0h:0m:0s (0h:0m:2s left)
Iteration 40 / LogL: -9696.910 / Time: 0h:0m:1s (0h:0m:1s left)
UPDATE BEST LOG-LIKELIHOOD: -9696.905
Iteration 50 / LogL: -9696.913 / Time: 0h:0m:1s (0h:0m:1s left)
Iteration 60 / LogL: -9696.923 / Time: 0h:0m:1s (0h:0m:1s left)
Iteration 70 / LogL: -9696.911 / Time: 0h:0m:1s (0h:0m:0s left)
UPDATE BEST LOG-LIKELIHOOD: -9696.905
UPDATE BEST LOG-LIKELIHOOD: -9696.905
Iteration 80 / LogL: -9696.931 / Time: 0h:0m:1s (0h:0m:0s left)
Iteration 90 / LogL: -9696.913 / Time: 0h:0m:2s (0h:0m:0s left)
Iteration 100 / LogL: -9696.913 / Time: 0h:0m:2s (0h:0m:0s left)
TREE SEARCH COMPLETED AFTER 103 ITERATIONS / Time: 0h:0m:2s

--------------------------------------------------------------------
|                    FINALIZING TREE SEARCH                        |
--------------------------------------------------------------------
Performs final model parameters optimization
Estimate model parameters (epsilon = 0.010)
1. Initial log-likelihood: -9696.905
Optimal log-likelihood: -9696.904
Rate parameters:  A-C: 1.81705  A-G: 5.95864  A-T: 1.00000  C-G: 1.81705  C-T: 15.27450  G-T: 1.00000
Base frequencies:  A: 0.342  C: 0.194  G: 0.225  T: 0.239
Gamma shape alpha: 0.399
Parameters optimization took 1 rounds (0.006 sec)
BEST SCORE FOUND : -9696.904
Total tree length: 1.429

Total number of iterations: 103
CPU time used for tree search: 2.410 sec (0h:0m:2s)
Wall-clock time used for tree search: 2.439 sec (0h:0m:2s)
Total CPU time used: 2.449 sec (0h:0m:2s)
Total wall-clock time used: 2.474 sec (0h:0m:2s)

Analysis results written to: 
  IQ-TREE report:                SUP35_iqtree_unfilt.iqtree
  Maximum-likelihood tree:       SUP35_iqtree_unfilt.treefile
  Likelihood distances:          SUP35_iqtree_unfilt.mldist
  Screen log file:               SUP35_iqtree_unfilt.log

Date and Time: Wed Feb 28 01:27:12 2024
