IQ-TREE multicore version 2.1.4-beta COVID-edition for Linux 64-bit built Jun 24 2021
Developed by Bui Quang Minh, James Barbetti, Nguyen Lam Tung,
Olga Chernomor, Heiko Schmidt, Dominik Schrempf, Michael Woodhams.

Host:    IliaPC (AVX2, FMA3, 15 GB RAM)
Command: iqtree2 -m TIM3+F+G4 -s SUP35_aln_prank.trim.fas --prefix SUP35_iqtree
Seed:    803562 (Using SPRNG - Scalable Parallel Random Number Generator)
Time:    Wed Feb 28 00:39:28 2024
Kernel:  AVX+FMA - 1 threads (24 CPU cores detected)

HINT: Use -nt option to specify number of threads because your CPU has 24 cores!
HINT: -nt AUTO will automatically determine the best number of threads to use.

Reading alignment file SUP35_aln_prank.trim.fas ... Fasta format detected
Alignment most likely contains DNA/RNA sequences
Alignment has 10 sequences with 2025 columns, 570 distinct patterns
499 parsimony-informative, 387 singleton sites, 1139 constant sites
                                        Gap/Ambiguity  Composition  p-value
   1  SUP35_Kla_AB039749                        7.11%    passed     27.73%
   2  SUP35_Agos_ATCC_10895_NM_211584          10.67%    failed      0.00%
   3  SUP35_Scer_74-D694_GCA_001578265.1        0.00%    passed     94.19%
   4  SUP35_Sbou_unique28_CM003560              0.00%    passed     92.62%
   5  SUP35_Scer_beer078_CM005938               2.22%    passed     92.29%
   6  SUP35_Spar_A12_Liti                       0.00%    passed     51.58%
   7  SUP35_Smik_IFO1815T_30                    0.00%    passed     73.50%
   8  SUP35_Sarb_H-6_chrXIII_CM001575           0.00%    passed     55.73%
   9  SUP35_Skud_IFO1802T_36                    0.44%    passed     99.03%
  10  SUP35_Seub_CBS12357_chr_II_IV_DF968535    0.59%    passed     60.63%
****  TOTAL                                     2.10%  1 sequences failed composition chi2 test (p-value<5%; df=3)

Create initial parsimony tree by phylogenetic likelihood library (PLL)... 0.001 seconds

NOTE: 0 MB RAM (0 GB) is required!
Estimate model parameters (epsilon = 0.100)
1. Initial log-likelihood: -9584.544
2. Current log-likelihood: -9020.038
3. Current log-likelihood: -8996.065
4. Current log-likelihood: -8993.997
5. Current log-likelihood: -8993.740
Optimal log-likelihood: -8993.706
Rate parameters:  A-C: 1.78903  A-G: 5.84412  A-T: 1.00000  C-G: 1.78903  C-T: 15.05275  G-T: 1.00000
Base frequencies:  A: 0.341  C: 0.193  G: 0.225  T: 0.241
Gamma shape alpha: 0.401
Parameters optimization took 5 rounds (0.078 sec)
Computing ML distances based on estimated model parameters...
Computing ML distances took 0.001869 sec (of wall-clock time) 0.001876 sec(of CPU time)
WARNING: Some pairwise ML distances are too long (saturated)
Computing RapidNJ tree took 0.000077 sec (of wall-clock time) 0.000076 sec (of CPU time)
Log-likelihood of RapidNJ tree: -9010.179
--------------------------------------------------------------------
|             INITIALIZING CANDIDATE TREE SET                      |
--------------------------------------------------------------------
Generating 98 parsimony trees... 0.090 second
Computing log-likelihood of 84 initial trees ... 0.132 seconds
Current best score: -8993.706

Do NNI search on 20 best initial trees
Estimate model parameters (epsilon = 0.100)
BETTER TREE FOUND at iteration 1: -8993.164
UPDATE BEST LOG-LIKELIHOOD: -8993.164
Iteration 10 / LogL: -8993.164 / Time: 0h:0m:0s
Iteration 20 / LogL: -8993.181 / Time: 0h:0m:0s
Finish initializing candidate tree set (3)
Current best tree score: -8993.164 / CPU time: 0.609
Number of iterations: 20
--------------------------------------------------------------------
|               OPTIMIZING CANDIDATE TREE SET                      |
--------------------------------------------------------------------
UPDATE BEST LOG-LIKELIHOOD: -8993.164
UPDATE BEST LOG-LIKELIHOOD: -8993.164
UPDATE BEST LOG-LIKELIHOOD: -8993.164
Iteration 30 / LogL: -8993.182 / Time: 0h:0m:0s (0h:0m:2s left)
Iteration 40 / LogL: -8993.181 / Time: 0h:0m:1s (0h:0m:1s left)
Iteration 50 / LogL: -8993.181 / Time: 0h:0m:1s (0h:0m:1s left)
Iteration 60 / LogL: -8993.183 / Time: 0h:0m:1s (0h:0m:1s left)
Iteration 70 / LogL: -8993.182 / Time: 0h:0m:1s (0h:0m:0s left)
Iteration 80 / LogL: -9075.201 / Time: 0h:0m:2s (0h:0m:0s left)
Iteration 90 / LogL: -8993.169 / Time: 0h:0m:2s (0h:0m:0s left)
Iteration 100 / LogL: -8993.166 / Time: 0h:0m:2s (0h:0m:0s left)
TREE SEARCH COMPLETED AFTER 102 ITERATIONS / Time: 0h:0m:2s

--------------------------------------------------------------------
|                    FINALIZING TREE SEARCH                        |
--------------------------------------------------------------------
Performs final model parameters optimization
Estimate model parameters (epsilon = 0.010)
1. Initial log-likelihood: -8993.164
Optimal log-likelihood: -8993.163
Rate parameters:  A-C: 1.78168  A-G: 5.91968  A-T: 1.00000  C-G: 1.78168  C-T: 15.05135  G-T: 1.00000
Base frequencies:  A: 0.341  C: 0.193  G: 0.225  T: 0.241
Gamma shape alpha: 0.401
Parameters optimization took 1 rounds (0.007 sec)
BEST SCORE FOUND : -8993.163
Total tree length: 1.425

Total number of iterations: 102
CPU time used for tree search: 2.410 sec (0h:0m:2s)
Wall-clock time used for tree search: 2.456 sec (0h:0m:2s)
Total CPU time used: 2.521 sec (0h:0m:2s)
Total wall-clock time used: 2.566 sec (0h:0m:2s)

Analysis results written to: 
  IQ-TREE report:                SUP35_iqtree.iqtree
  Maximum-likelihood tree:       SUP35_iqtree.treefile
  Likelihood distances:          SUP35_iqtree.mldist
  Screen log file:               SUP35_iqtree.log

Date and Time: Wed Feb 28 00:39:31 2024
